# JRE version: OpenJDK Runtime Environment Temurin-21.0.7+6 (21.0.7+6) (build 21.0.7+6-LTS)
# Java VM: OpenJDK 64-Bit Server VM Temurin-21.0.7+6 (21.0.7+6-LTS, mixed mode, sharing, tiered, compressed oops, compressed class ptrs, parallel gc, windows-amd64)
GC Precious Log:
 CardTable entry size: 512
 CPUs: 16 total, 16 available
 Memory: 16070M
 Large Page Support: Disabled
 NUMA Support: Disabled
 Compressed Oops: Enabled (32-bit)
 Alignments: Space 512K, Generation 512K, Heap 2M
 Heap Min Capacity: 100M
 Heap Initial Capacity: 100M
 Heap Max Capacity: 1G
 Pre-touch: Disabled
 Parallel Workers: 13
Heap:
 PSYoungGen      total 6144K, used 1887K [0x00000000eab00000, 0x00000000eb400000, 0x0000000100000000)
  eden space 5120K, 16% used [0x00000000eab00000,0x00000000eabd7cb8,0x00000000eb000000)
  from space 1024K, 100% used [0x00000000eb000000,0x00000000eb100000,0x00000000eb100000)
  to   space 1536K, 0% used [0x00000000eb280000,0x00000000eb280000,0x00000000eb400000)
 ParOldGen       total 544256K, used 543760K [0x00000000c0000000, 0x00000000e1380000, 0x00000000eab00000)
  object space 544256K, 99% used [0x00000000c0000000,0x00000000e13041d8,0x00000000e1380000)
 Metaspace       used 77187K, committed 78976K, reserved 1179648K
  class space    used 7564K, committed 8320K, reserved 1048576K
GC Heap History (20 events):
Event: 26513.655 GC heap after
{Heap after GC invocations=2565 (full 4):
 PSYoungGen      total 3584K, used 512K [0x00000000eab00000, 0x00000000eb100000, 0x0000000100000000)
  eden space 3072K, 0% used [0x00000000eab00000,0x00000000eab00000,0x00000000eae00000)
  from space 512K, 100% used [0x00000000eae00000,0x00000000eae80000,0x00000000eae80000)
  to   space 1024K, 0% used [0x00000000eb000000,0x00000000eb000000,0x00000000eb100000)
 ParOldGen       total 539136K, used 539062K [0x00000000c0000000, 0x00000000e0e80000, 0x00000000eab00000)
  object space 539136K, 99% used [0x00000000c0000000,0x00000000e0e6db20,0x00000000e0e80000)
 Metaspace       used 77135K, committed 78912K, reserved 1179648K
  class space    used 7564K, committed 8320K, reserved 1048576K
}
Event: 26513.677 GC heap before
{Heap before GC invocations=2566 (full 4):
 PSYoungGen      total 3584K, used 3584K [0x00000000eab00000, 0x00000000eb100000, 0x0000000100000000)
  eden space 3072K, 100% used [0x00000000eab00000,0x00000000eae00000,0x00000000eae00000)
  from space 512K, 100% used [0x00000000eae00000,0x00000000eae80000,0x00000000eae80000)
  to   space 1024K, 0% used [0x00000000eb000000,0x00000000eb000000,0x00000000eb100000)
 ParOldGen       total 539136K, used 539062K [0x00000000c0000000, 0x00000000e0e80000, 0x00000000eab00000)
  object space 539136K, 99% used [0x00000000c0000000,0x00000000e0e6db20,0x00000000e0e80000)
 Metaspace       used 77136K, committed 78912K, reserved 1179648K
  class space    used 7564K, committed 8320K, reserved 1048576K
}
Event: 26513.680 GC heap after
{Heap after GC invocations=2566 (full 4):
 PSYoungGen      total 3584K, used 496K [0x00000000eab00000, 0x00000000eb080000, 0x0000000100000000)
  eden space 3072K, 0% used [0x00000000eab00000,0x00000000eab00000,0x00000000eae00000)
  from space 512K, 96% used [0x00000000eb000000,0x00000000eb07c010,0x00000000eb080000)
  to   space 1024K, 0% used [0x00000000eae80000,0x00000000eae80000,0x00000000eaf80000)
 ParOldGen       total 539648K, used 539478K [0x00000000c0000000, 0x00000000e0f00000, 0x00000000eab00000)
  object space 539648K, 99% used [0x00000000c0000000,0x00000000e0ed5b30,0x00000000e0f00000)
 Metaspace       used 77136K, committed 78912K, reserved 1179648K
  class space    used 7564K, committed 8320K, reserved 1048576K
}
Event: 26513.689 GC heap before
{Heap before GC invocations=2567 (full 4):
 PSYoungGen      total 3584K, used 3568K [0x00000000eab00000, 0x00000000eb080000, 0x0000000100000000)
  eden space 3072K, 100% used [0x00000000eab00000,0x00000000eae00000,0x00000000eae00000)
  from space 512K, 96% used [0x00000000eb000000,0x00000000eb07c010,0x00000000eb080000)
  to   space 1024K, 0% used [0x00000000eae80000,0x00000000eae80000,0x00000000eaf80000)
 ParOldGen       total 539648K, used 539478K [0x00000000c0000000, 0x00000000e0f00000, 0x00000000eab00000)
  object space 539648K, 99% used [0x00000000c0000000,0x00000000e0ed5b30,0x00000000e0f00000)
 Metaspace       used 77136K, committed 78912K, reserved 1179648K
  class space    used 7564K, committed 8320K, reserved 1048576K
}
Event: 26513.691 GC heap after
{Heap after GC invocations=2567 (full 4):
 PSYoungGen      total 4096K, used 480K [0x00000000eab00000, 0x00000000eb080000, 0x0000000100000000)
  eden space 3072K, 0% used [0x00000000eab00000,0x00000000eab00000,0x00000000eae00000)
  from space 1024K, 46% used [0x00000000eae80000,0x00000000eaef8000,0x00000000eaf80000)
  to   space 512K, 0% used [0x00000000eb000000,0x00000000eb000000,0x00000000eb080000)
 ParOldGen       total 540160K, used 539758K [0x00000000c0000000, 0x00000000e0f80000, 0x00000000eab00000)
  object space 540160K, 99% used [0x00000000c0000000,0x00000000e0f1bb50,0x00000000e0f80000)
 Metaspace       used 77136K, committed 78912K, reserved 1179648K
  class space    used 7564K, committed 8320K, reserved 1048576K
}
Event: 26513.700 GC heap before
{Heap before GC invocations=2568 (full 4):
 PSYoungGen      total 4096K, used 3552K [0x00000000eab00000, 0x00000000eb080000, 0x0000000100000000)
  eden space 3072K, 100% used [0x00000000eab00000,0x00000000eae00000,0x00000000eae00000)
  from space 1024K, 46% used [0x00000000eae80000,0x00000000eaef8000,0x00000000eaf80000)
  to   space 512K, 0% used [0x00000000eb000000,0x00000000eb000000,0x00000000eb080000)
 ParOldGen       total 540160K, used 539758K [0x00000000c0000000, 0x00000000e0f80000, 0x00000000eab00000)
  object space 540160K, 99% used [0x00000000c0000000,0x00000000e0f1bb50,0x00000000e0f80000)
 Metaspace       used 77146K, committed 78912K, reserved 1179648K
  class space    used 7564K, committed 8320K, reserved 1048576K
}
Event: 26513.702 GC heap after
{Heap after GC invocations=2568 (full 4):
 PSYoungGen      total 3584K, used 512K [0x00000000eab00000, 0x00000000eb080000, 0x0000000100000000)
  eden space 3072K, 0% used [0x00000000eab00000,0x00000000eab00000,0x00000000eae00000)
  from space 512K, 100% used [0x00000000eb000000,0x00000000eb080000,0x00000000eb080000)
  to   space 1024K, 0% used [0x00000000eae80000,0x00000000eae80000,0x00000000eaf80000)
 ParOldGen       total 540160K, used 539990K [0x00000000c0000000, 0x00000000e0f80000, 0x00000000eab00000)
  object space 540160K, 99% used [0x00000000c0000000,0x00000000e0f55b50,0x00000000e0f80000)
 Metaspace       used 77146K, committed 78912K, reserved 1179648K
  class space    used 7564K, committed 8320K, reserved 1048576K
}
Event: 26513.718 GC heap before
{Heap before GC invocations=2569 (full 4):
 PSYoungGen      total 3584K, used 3584K [0x00000000eab00000, 0x00000000eb080000, 0x0000000100000000)
  eden space 3072K, 100% used [0x00000000eab00000,0x00000000eae00000,0x00000000eae00000)
  from space 512K, 100% used [0x00000000eb000000,0x00000000eb080000,0x00000000eb080000)
  to   space 1024K, 0% used [0x00000000eae80000,0x00000000eae80000,0x00000000eaf80000)
 ParOldGen       total 540160K, used 539990K [0x00000000c0000000, 0x00000000e0f80000, 0x00000000eab00000)
  object space 540160K, 99% used [0x00000000c0000000,0x00000000e0f55b50,0x00000000e0f80000)
 Metaspace       used 77147K, committed 78912K, reserved 1179648K
  class space    used 7564K, committed 8320K, reserved 1048576K
}
Event: 26513.719 GC heap after
{Heap after GC invocations=2569 (full 4):
 PSYoungGen      total 4096K, used 912K [0x00000000eab00000, 0x00000000eb080000, 0x0000000100000000)
  eden space 3072K, 0% used [0x00000000eab00000,0x00000000eab00000,0x00000000eae00000)
  from space 1024K, 89% used [0x00000000eae80000,0x00000000eaf64010,0x00000000eaf80000)
  to   space 1024K, 0% used [0x00000000eaf80000,0x00000000eaf80000,0x00000000eb080000)
 ParOldGen       total 540672K, used 540434K [0x00000000c0000000, 0x00000000e1000000, 0x00000000eab00000)
  object space 540672K, 99% used [0x00000000c0000000,0x00000000e0fc4b60,0x00000000e1000000)
 Metaspace       used 77147K, committed 78912K, reserved 1179648K
  class space    used 7564K, committed 8320K, reserved 1048576K
}
Event: 26513.743 GC heap before
{Heap before GC invocations=2570 (full 4):
 PSYoungGen      total 4096K, used 3984K [0x00000000eab00000, 0x00000000eb080000, 0x0000000100000000)
  eden space 3072K, 100% used [0x00000000eab00000,0x00000000eae00000,0x00000000eae00000)
  from space 1024K, 89% used [0x00000000eae80000,0x00000000eaf64010,0x00000000eaf80000)
  to   space 1024K, 0% used [0x00000000eaf80000,0x00000000eaf80000,0x00000000eb080000)
 ParOldGen       total 540672K, used 540434K [0x00000000c0000000, 0x00000000e1000000, 0x00000000eab00000)
  object space 540672K, 99% used [0x00000000c0000000,0x00000000e0fc4b60,0x00000000e1000000)
 Metaspace       used 77153K, committed 78912K, reserved 1179648K
  class space    used 7564K, committed 8320K, reserved 1048576K
}
Event: 26513.745 GC heap after
{Heap after GC invocations=2570 (full 4):
 PSYoungGen      total 4096K, used 832K [0x00000000eab00000, 0x00000000eb080000, 0x0000000100000000)
  eden space 3072K, 0% used [0x00000000eab00000,0x00000000eab00000,0x00000000eae00000)
  from space 1024K, 81% used [0x00000000eaf80000,0x00000000eb050000,0x00000000eb080000)
  to   space 1024K, 0% used [0x00000000eae80000,0x00000000eae80000,0x00000000eaf80000)
 ParOldGen       total 541184K, used 541138K [0x00000000c0000000, 0x00000000e1080000, 0x00000000eab00000)
  object space 541184K, 99% used [0x00000000c0000000,0x00000000e1074b90,0x00000000e1080000)
 Metaspace       used 77153K, committed 78912K, reserved 1179648K
  class space    used 7564K, committed 8320K, reserved 1048576K
}
Event: 26513.756 GC heap before
{Heap before GC invocations=2571 (full 4):
 PSYoungGen      total 4096K, used 3904K [0x00000000eab00000, 0x00000000eb080000, 0x0000000100000000)
  eden space 3072K, 100% used [0x00000000eab00000,0x00000000eae00000,0x00000000eae00000)
  from space 1024K, 81% used [0x00000000eaf80000,0x00000000eb050000,0x00000000eb080000)
  to   space 1024K, 0% used [0x00000000eae80000,0x00000000eae80000,0x00000000eaf80000)
 ParOldGen       total 541184K, used 541138K [0x00000000c0000000, 0x00000000e1080000, 0x00000000eab00000)
  object space 541184K, 99% used [0x00000000c0000000,0x00000000e1074b90,0x00000000e1080000)
 Metaspace       used 77154K, committed 78912K, reserved 1179648K
  class space    used 7564K, committed 8320K, reserved 1048576K
}
Event: 26514.766 GC heap after
{Heap after GC invocations=2571 (full 4):
 PSYoungGen      total 4608K, used 808K [0x00000000eab00000, 0x00000000eb100000, 0x0000000100000000)
  eden space 3584K, 0% used [0x00000000eab00000,0x00000000eab00000,0x00000000eae80000)
  from space 1024K, 78% used [0x00000000eae80000,0x00000000eaf4a198,0x00000000eaf80000)
  to   space 1024K, 0% used [0x00000000eb000000,0x00000000eb000000,0x00000000eb100000)
 ParOldGen       total 542208K, used 541808K [0x00000000c0000000, 0x00000000e1180000, 0x00000000eab00000)
  object space 542208K, 99% used [0x00000000c0000000,0x00000000e111c090,0x00000000e1180000)
 Metaspace       used 77154K, committed 78912K, reserved 1179648K
  class space    used 7564K, committed 8320K, reserved 1048576K
}
Event: 26514.776 GC heap before
{Heap before GC invocations=2572 (full 4):
 PSYoungGen      total 4608K, used 4392K [0x00000000eab00000, 0x00000000eb100000, 0x0000000100000000)
  eden space 3584K, 100% used [0x00000000eab00000,0x00000000eae80000,0x00000000eae80000)
  from space 1024K, 78% used [0x00000000eae80000,0x00000000eaf4a198,0x00000000eaf80000)
  to   space 1024K, 0% used [0x00000000eb000000,0x00000000eb000000,0x00000000eb100000)
 ParOldGen       total 542208K, used 541808K [0x00000000c0000000, 0x00000000e1180000, 0x00000000eab00000)
  object space 542208K, 99% used [0x00000000c0000000,0x00000000e111c090,0x00000000e1180000)
 Metaspace       used 77156K, committed 78912K, reserved 1179648K
  class space    used 7564K, committed 8320K, reserved 1048576K
}
Event: 26514.781 GC heap after
{Heap after GC invocations=2572 (full 4):
 PSYoungGen      total 5120K, used 416K [0x00000000eab00000, 0x00000000eb180000, 0x0000000100000000)
  eden space 4096K, 0% used [0x00000000eab00000,0x00000000eab00000,0x00000000eaf00000)
  from space 1024K, 40% used [0x00000000eb000000,0x00000000eb068000,0x00000000eb100000)
  to   space 1024K, 0% used [0x00000000eaf00000,0x00000000eaf00000,0x00000000eb000000)
 ParOldGen       total 542720K, used 542450K [0x00000000c0000000, 0x00000000e1200000, 0x00000000eab00000)
  object space 542720K, 99% used [0x00000000c0000000,0x00000000e11bcb48,0x00000000e1200000)
 Metaspace       used 77156K, committed 78912K, reserved 1179648K
  class space    used 7564K, committed 8320K, reserved 1048576K
}
Event: 26514.804 GC heap before
{Heap before GC invocations=2573 (full 4):
 PSYoungGen      total 5120K, used 4512K [0x00000000eab00000, 0x00000000eb180000, 0x0000000100000000)
  eden space 4096K, 100% used [0x00000000eab00000,0x00000000eaf00000,0x00000000eaf00000)
  from space 1024K, 40% used [0x00000000eb000000,0x00000000eb068000,0x00000000eb100000)
  to   space 1024K, 0% used [0x00000000eaf00000,0x00000000eaf00000,0x00000000eb000000)
 ParOldGen       total 542720K, used 542450K [0x00000000c0000000, 0x00000000e1200000, 0x00000000eab00000)
  object space 542720K, 99% used [0x00000000c0000000,0x00000000e11bcb48,0x00000000e1200000)
 Metaspace       used 77162K, committed 78976K, reserved 1179648K
  class space    used 7564K, committed 8320K, reserved 1048576K
}
Event: 26514.808 GC heap after
{Heap after GC invocations=2573 (full 4):
 PSYoungGen      total 5120K, used 960K [0x00000000eab00000, 0x00000000eb300000, 0x0000000100000000)
  eden space 4096K, 0% used [0x00000000eab00000,0x00000000eab00000,0x00000000eaf00000)
  from space 1024K, 93% used [0x00000000eaf00000,0x00000000eaff0020,0x00000000eb000000)
  to   space 1536K, 0% used [0x00000000eb180000,0x00000000eb180000,0x00000000eb300000)
 ParOldGen       total 543232K, used 542723K [0x00000000c0000000, 0x00000000e1280000, 0x00000000eab00000)
  object space 543232K, 99% used [0x00000000c0000000,0x00000000e1200f28,0x00000000e1280000)
 Metaspace       used 77162K, committed 78976K, reserved 1179648K
  class space    used 7564K, committed 8320K, reserved 1048576K
}
Event: 26514.821 GC heap before
{Heap before GC invocations=2574 (full 4):
 PSYoungGen      total 5120K, used 5056K [0x00000000eab00000, 0x00000000eb300000, 0x0000000100000000)
  eden space 4096K, 100% used [0x00000000eab00000,0x00000000eaf00000,0x00000000eaf00000)
  from space 1024K, 93% used [0x00000000eaf00000,0x00000000eaff0020,0x00000000eb000000)
  to   space 1536K, 0% used [0x00000000eb180000,0x00000000eb180000,0x00000000eb300000)
 ParOldGen       total 543232K, used 542723K [0x00000000c0000000, 0x00000000e1280000, 0x00000000eab00000)
  object space 543232K, 99% used [0x00000000c0000000,0x00000000e1200f28,0x00000000e1280000)
 Metaspace       used 77165K, committed 78976K, reserved 1179648K
  class space    used 7564K, committed 8320K, reserved 1048576K
}
Event: 26514.824 GC heap after
{Heap after GC invocations=2574 (full 4):
 PSYoungGen      total 5632K, used 416K [0x00000000eab00000, 0x00000000eb200000, 0x0000000100000000)
  eden space 5120K, 0% used [0x00000000eab00000,0x00000000eab00000,0x00000000eb000000)
  from space 512K, 81% used [0x00000000eb180000,0x00000000eb1e8000,0x00000000eb200000)
  to   space 1024K, 0% used [0x00000000eb000000,0x00000000eb000000,0x00000000eb100000)
 ParOldGen       total 543744K, used 543528K [0x00000000c0000000, 0x00000000e1300000, 0x00000000eab00000)
  object space 543744K, 99% used [0x00000000c0000000,0x00000000e12ca1d8,0x00000000e1300000)
 Metaspace       used 77165K, committed 78976K, reserved 1179648K
  class space    used 7564K, committed 8320K, reserved 1048576K
}
Event: 26514.840 GC heap before
{Heap before GC invocations=2575 (full 4):
 PSYoungGen      total 5632K, used 5536K [0x00000000eab00000, 0x00000000eb200000, 0x0000000100000000)
  eden space 5120K, 100% used [0x00000000eab00000,0x00000000eb000000,0x00000000eb000000)
  from space 512K, 81% used [0x00000000eb180000,0x00000000eb1e8000,0x00000000eb200000)
  to   space 1024K, 0% used [0x00000000eb000000,0x00000000eb000000,0x00000000eb100000)
 ParOldGen       total 543744K, used 543528K [0x00000000c0000000, 0x00000000e1300000, 0x00000000eab00000)
  object space 543744K, 99% used [0x00000000c0000000,0x00000000e12ca1d8,0x00000000e1300000)
 Metaspace       used 77181K, committed 78976K, reserved 1179648K
  class space    used 7564K, committed 8320K, reserved 1048576K
}

